Set LCG_RELEASE_BASE = /cvmfs/sft.cern.ch/lcg/releases
Set TDAQ_RELEASE_BASE = /cvmfs/atlas.cern.ch/repo/sw/tdaq
Setting up AthGenerationExternals from: /nfs/dust/atlas/user/ewelina/AthGeneration/build/install/AthGenerationExternals/21.0.67/InstallArea
Taking Gaudi from: /nfs/dust/atlas/user/ewelina/AthGeneration/build/install/GAUDI/21.0.67/InstallArea/x86_64-slc6-gcc62-opt
-- The C compiler identification is GNU 6.2.0
-- The CXX compiler identification is GNU 6.2.0
-- Check for working C compiler: /cvmfs/sft.cern.ch/lcg/contrib/gcc/6.2binutils/x86_64-slc6/bin/gcc
-- Check for working C compiler: /cvmfs/sft.cern.ch/lcg/contrib/gcc/6.2binutils/x86_64-slc6/bin/gcc -- works
-- Detecting C compiler ABI info
-- Detecting C compiler ABI info - done
-- Detecting C compile features
-- Detecting C compile features - done
-- Check for working CXX compiler: /cvmfs/sft.cern.ch/lcg/contrib/gcc/6.2binutils/x86_64-slc6/bin/g++
-- Check for working CXX compiler: /cvmfs/sft.cern.ch/lcg/contrib/gcc/6.2binutils/x86_64-slc6/bin/g++ -- works
-- Detecting CXX compiler ABI info
-- Detecting CXX compiler ABI info - done
-- Detecting CXX compile features
-- Detecting CXX compile features - done
-- Found AthGenerationExternals: /nfs/dust/atlas/user/ewelina/AthGeneration/build/install/AthGenerationExternals/21.0.67/InstallArea/x86_64-slc6-gcc62-opt (version: 21.0.67)
-- Setting ATLAS specific build flags
-- Found checker_gccplugins library under: /nfs/dust/atlas/user/ewelina/AthGeneration/build/install/AthGenerationExternals/21.0.67/InstallArea/x86_64-slc6-gcc62-opt/lib/libchecker_gccplugins.so
-- Enabling checker_gccplugins with checkers: 
-- Package(s) in AthGenerationExternals: 18
-- Setting up LCG release "88" for platform: x86_64-slc6-gcc62-opt
-- Setting up LCG release using: /cvmfs/sft.cern.ch/lcg/releases/LCG_88/LCG_externals_x86_64-slc6-gcc62-opt.txt
-- Setting up LCG release using: /cvmfs/sft.cern.ch/lcg/releases/LCG_88/LCG_generators_x86_64-slc6-gcc62-opt.txt
-- Found Gaudi: /nfs/dust/atlas/user/ewelina/AthGeneration/build/install/GAUDI/21.0.67/InstallArea/x86_64-slc6-gcc62-opt  
-- Check if compiler accepts -pthread
-- Check if compiler accepts -pthread - yes
-- Found Threads: TRUE  
-- Taking Crmc from: /cvmfs/sft.cern.ch/lcg/releases/LCG_88/MCGenerators/crmc/1.5.4/x86_64-slc6-gcc62-opt
-- Taking EvtGen from: /cvmfs/sft.cern.ch/lcg/releases/LCG_88/MCGenerators/evtgen/1.4.0/x86_64-slc6-gcc62-opt
-- Taking HEPUtils from: /cvmfs/sft.cern.ch/lcg/releases/LCG_88/MCGenerators/heputils/1.1.0/x86_64-slc6-gcc62-opt
-- Taking Herwig from: /cvmfs/sft.cern.ch/lcg/releases/LCG_88/MCGenerators/herwig/6.520.2/x86_64-slc6-gcc62-opt
-- Taking Herwig3 from: /cvmfs/sft.cern.ch/lcg/releases/LCG_88/MCGenerators/herwig++/7.0.3/x86_64-slc6-gcc62-opt
-- Taking Hydjet from: /cvmfs/sft.cern.ch/lcg/releases/LCG_88/MCGenerators/hydjet/1.6/x86_64-slc6-gcc62-opt
-- Taking Lhapdf from: /cvmfs/sft.cern.ch/lcg/releases/LCG_88/MCGenerators/lhapdf/6.1.5/x86_64-slc6-gcc62-opt
-- Taking MCUtils from: /cvmfs/sft.cern.ch/lcg/releases/LCG_88/MCGenerators/mcutils/1.2.1/x86_64-slc6-gcc62-opt
-- Taking MadGraph5Amc from: /cvmfs/sft.cern.ch/lcg/releases/LCG_88/MCGenerators/madgraph5amc/2.6.1.atlas/x86_64-slc6-gcc62-opt
-- Taking Photospp from: /cvmfs/sft.cern.ch/lcg/releases/LCG_88/MCGenerators/photos++/3.61/x86_64-slc6-gcc62-opt
-- Taking Pythia6 from: /cvmfs/sft.cern.ch/lcg/releases/LCG_88/MCGenerators/pythia6/428.2/x86_64-slc6-gcc62-opt
-- Taking Pythia8 from: /cvmfs/sft.cern.ch/lcg/releases/LCG_88/MCGenerators/pythia8/226/x86_64-slc6-gcc62-opt
-- Taking Rivet from: /cvmfs/sft.cern.ch/lcg/releases/LCG_88/MCGenerators/rivet/2.5.2/x86_64-slc6-gcc62-opt
-- Taking Sherpa from: /cvmfs/sft.cern.ch/lcg/releases/LCG_88/MCGenerators/sherpa/2.2.4/x86_64-slc6-gcc62-opt
-- Taking Starlight from: /cvmfs/sft.cern.ch/lcg/releases/LCG_88/MCGenerators/starlight/r193/x86_64-slc6-gcc62-opt
-- Taking Tauolapp from: /cvmfs/sft.cern.ch/lcg/releases/LCG_88/MCGenerators/tauola++/1.1.6/x86_64-slc6-gcc62-opt
-- Taking ThePEG from: /cvmfs/sft.cern.ch/lcg/releases/LCG_88/MCGenerators/thepeg/2.0.3/x86_64-slc6-gcc62-opt
-- Taking YODA from: /cvmfs/sft.cern.ch/lcg/releases/LCG_88/MCGenerators/yoda/1.6.5/x86_64-slc6-gcc62-opt
-- Saving build logs using: /nfs/dust/atlas/user/ewelina/AthGeneration/build/build/AthGeneration/atlas_ctest.sh
-- Configuring ATLAS project with name "AthGeneration" and version "21.0.67"
-- The Fortran compiler identification is GNU 6.2.0
-- Check for working Fortran compiler: /cvmfs/sft.cern.ch/lcg/contrib/gcc/6.2binutils/x86_64-slc6/bin/gfortran
-- Check for working Fortran compiler: /cvmfs/sft.cern.ch/lcg/contrib/gcc/6.2binutils/x86_64-slc6/bin/gfortran  -- works
-- Detecting Fortran compiler ABI info
-- Detecting Fortran compiler ABI info - done
-- Checking whether /cvmfs/sft.cern.ch/lcg/contrib/gcc/6.2binutils/x86_64-slc6/bin/gfortran supports Fortran 90
-- Checking whether /cvmfs/sft.cern.ch/lcg/contrib/gcc/6.2binutils/x86_64-slc6/bin/gfortran supports Fortran 90 -- yes
-- Using build type: RelWithDebInfo
-- Using platform name: x86_64-slc6-gcc62-opt
-- Unit tests will be built by default
-- Found 2126 package(s)
-- Considering package 1 / 2126
-- Package filtering rules read:
--   + AtlasTest/NightlyTestTools/ATNight
--   + AtlasTest/NightlyTestTools/Nicos
--   + AtlasTest/TestTools
--   + Calorimeter/CaloConditions
--   + Calorimeter/CaloGeoHelpers
--   + Calorimeter/CaloDetDescr
--   + Calorimeter/CaloEvent
--   + Calorimeter/CaloIdentifier
--   + Control/AthAllocators
--   + Control/AthAnalysisBaseComps
--   + Control/AthContainers
--   + Control/AthContainersInterfaces
--   + Control/AthContainersRoot
--   + Control/AthLinks
--   + Control/AthToolSupport/AsgTools
--   + Control/AthenaBaseComps
--   + Control/AthenaCommon
--   + Control/AthenaInterprocess
--   + Control/AthenaKernel
--   + Control/AthenaMP
--   + Control/AthenaMPTools
--   + Control/AthenaPython
--   + Control/AthenaServices
--   + Control/CLIDComps
--   + Control/CLIDSvc
--   + Control/CxxUtils
--   + Control/DataModel
--   + Control/DataModelAthenaPool
--   + Control/DataModelRoot
--   + Control/GaudiSequencer
--   + Control/IOVSvc
--   + Control/Navigation
--   + Control/PerformanceMonitoring/PerfMonAna
--   + Control/PerformanceMonitoring/PerfMonComps
--   + Control/PerformanceMonitoring/PerfMonEvent
--   + Control/PerformanceMonitoring/PerfMonKernel
--   + Control/PyKernel
--   + Control/RngComps
--   + Control/RootUtils
--   + Control/SGComps
--   + Control/SGMon/SGAudCore
--   + Control/SGMon/SGAudSvc
--   + Control/SGTools
--   + Control/StoreGate
--   + Control/StoreGateBindings
--   + Control/xAODRootAccess
--   + Control/xAODRootAccessInterfaces
--   + Database/.*
--   + DataQuality/GoodRunsLists
--   + DetectorDescription/AtlasDetDescr
--   + DetectorDescription/GeoModel/GeoModelKernel
--   + DetectorDescription/GeoModel/GeoModelInterfaces
--   + DetectorDescription/GeoModel/GeoModelUtilities
--   + DetectorDescription/GeoPrimitives
--   + DetectorDescription/IdDict
--   + DetectorDescription/Identifier
--   + Event/ByteStreamData
--   + Event/EventAthenaPool
--   + Event/EventBookkeeperAthenaPool
--   + Event/EventBookkeeperMetaData
--   + Event/EventBookkeeperTPCnv
--   + Event/EventBookkeeperTools
--   + Event/EventContainers
--   + Event/EventInfo
--   + Event/EventInfoMgt
--   + Event/EventKernel
--   + Event/EventPTCnv
--   + Event/EventPrimitives
--   + Event/EventTPCnv
--   + Event/FourMom
--   + Event/NavFourMom
--   + Event/PyDumper
--   + Event/xAOD/xAODBase
--   + Event/xAOD/xAODBTagging
--   + Event/xAOD/xAODCaloEvent
--   + Event/xAOD/xAODCore
--   + Event/xAOD/xAODCoreAthenaPool
--   + Event/xAOD/xAODCoreCnv
--   + Event/xAOD/xAODCutFlow
--   + Event/xAOD/xAODEventFormat
--   + Event/xAOD/xAODEventInfo
--   + Event/xAOD/xAODJet
--   + Event/xAOD/xAODJetAthenaPool
--   + Event/xAOD/xAODMuon
--   + Event/xAOD/xAODPrimitives
--   + Event/xAOD/xAODTracking
--   + Event/xAOD/xAODTrigger
--   + Event/xAOD/xAODTruth
--   + Event/xAOD/xAODTruthAthenaPool
--   + Event/xAOD/xAODTruthCnv
--   + External/AtlasDataArea
--   + External/AtlasPyFwdBwdPorts
--   + External/Pythia8
--   + External/pyAMI
--   - Generators/Baur_i
--   + Generators/Charybdis_i
--   - Generators/Exhume_i
--   - Generators/EmbeddedTrackGenerator
--   - Generators/ExoGraviton_i
--   - Generators/GravADD_i
--   - Generators/Herwigpp_i
--   - Generators/Horace_i
--   - Generators/HvGen_i
--   - Generators/MadCUP_i
--   - Generators/Matchig_i
--   - Generators/Protos_i
--   - Generators/Pyquench_i
--   - Generators/PythiaB
--   - Generators/PythiaBc_i
--   - Generators/PythiaExo_i
--   - Generators/PythiaSgluon_i
--   - Generators/Reldis_i
--   - Generators/VBFNLOControl
--   - Generators/TrackRecordGenerator
--   + Generators/.*
--   + InnerDetector/InDetExample/InDetRecExample
--   + InnerDetector/InDetRecTools/InDetTrackSelectionTool
--   + LArCalorimeter/LArGeoModel/LArHV
--   + LArCalorimeter/LArGeoModel/LArReadoutGeometry
--   + LArCalorimeter/LArIdentifier
--   + MuonSpectrometer/MuonIdHelpers
--   + PhysicsAnalysis/AnalysisCommon/PATCore
--   + PhysicsAnalysis/AnalysisCommon/PATInterfaces
--   + PhysicsAnalysis/AnalysisCommon/ParticleEvent
--   + PhysicsAnalysis/Interfaces/AsgAnalysisInterfaces
--   + PhysicsAnalysis/TruthParticleID/McParticleEvent
--   + PhysicsAnalysis/TruthParticleID/McParticleKernel
--   + Projects/Athena
--   + Projects/Athena/.*
--   + Reconstruction/eflowRec
--   + Reconstruction/Jet/JetEDM
--   + Reconstruction/Jet/JetEvent
--   + Reconstruction/Jet/JetInterface
--   + Reconstruction/Jet/JetRec
--   + Reconstruction/Jet/JetRecConfig
--   + Reconstruction/Particle
--   + Reconstruction/RecAlgs
--   + Reconstruction/RecEvent
--   + Reconstruction/RecEventAthenaPool
--   + Reconstruction/RecEventTPCnv
--   + Reconstruction/RecExample/RecExConfig
--   + Simulation/Tools/AtlasCLHEP_RandomGenerators
--   + Tools/ART
--   + Tools/AtlasDoxygen
--   + Tools/CodeCheck
--   + Tools/JobTransforms
--   + Tools/KitValidation
--   + Tools/PathResolver
--   + Tools/PmbCxxUtils
--   + Tools/PyCmt
--   + Tools/PyJobTransforms
--   + Tools/PyJobTransformsCore
--   + Tools/PyUtils
--   + Tools/Scripts
--   + Tools/XMLCoreParser
--   + Tracking/TrkDetDescr/TrkDetDescrUtils
--   + Tracking/TrkDetDescr/TrkDetElementBase
--   + Tracking/TrkDetDescr/TrkDistortedSurfaces
--   + Tracking/TrkDetDescr/TrkGeometry
--   + Tracking/TrkDetDescr/TrkSurfaces
--   + Tracking/TrkEvent/TrkEventPrimitives
--   + Tracking/TrkEvent/TrkMaterialOnTrack
--   + Tracking/TrkEvent/TrkMeasurementBase
--   + Tracking/TrkEvent/TrkNeutralParameters
--   + Tracking/TrkEvent/TrkParameters
--   + Tracking/TrkEvent/TrkParametersBase
--   + Tracking/TrkEvent/TrkParticleBase
--   + Tracking/TrkEvent/TrkPatternParameters
--   + Tracking/TrkEvent/TrkSegment
--   + Tracking/TrkEvent/TrkTrack
--   + Tracking/TrkEvent/TrkTrackLink
--   + Tracking/TrkEvent/TrkTrackSummary
--   + Tracking/TrkEvent/VxVertex
--   + Tracking/TrkExtrapolation/TrkExInterfaces
--   + Tracking/TrkExtrapolation/TrkExUtils
--   + Tracking/TrkTools/TrkToolInterfaces
--   - .*
-- Configuring the build of package: ATNight
-- Configuring the build of package: Nicos
-- Configuring the build of package: TestTools
-- Configuring the build of package: CaloConditions
-- Found ROOT: /cvmfs/sft.cern.ch/lcg/releases/LCG_88/ROOT/6.08.06/x86_64-slc6-gcc62-opt/include (found version "6.08/06") 
-- Configuring the build of package: CaloDetDescr
-- Found Eigen: /cvmfs/sft.cern.ch/lcg/releases/LCG_88/eigen/3.2.9/x86_64-slc6-gcc62-opt/include/eigen3  
-- Configuring the build of package: CaloEvent
-- Found CLHEP: /nfs/dust/atlas/user/ewelina/AthGeneration/build/install/AthGenerationExternals/21.0.67/InstallArea/x86_64-slc6-gcc62-opt/include (found version "2.2.0.4") 
-- Configuring the build of package: CaloGeoHelpers
-- Configuring the build of package: CaloIdentifier
-- Configuring the build of package: AthAllocators
-- Configuring the build of package: AthAnalysisBaseComps
-- Configuring the build of package: AthContainers
-- Found ROOT: /cvmfs/sft.cern.ch/lcg/releases/LCG_88/ROOT/6.08.06/x86_64-slc6-gcc62-opt/include (found version "6.08/06") 
-- Configuring the build of package: AthContainersInterfaces
-- Configuring the build of package: AthContainersRoot
-- Configuring the build of package: AthLinks
-- Found ROOT: /cvmfs/sft.cern.ch/lcg/releases/LCG_88/ROOT/6.08.06/x86_64-slc6-gcc62-opt/include (found version "6.08/06") 
-- Configuring the build of package: AsgTools
-- Found ROOT: /cvmfs/sft.cern.ch/lcg/releases/LCG_88/ROOT/6.08.06/x86_64-slc6-gcc62-opt/include (found version "6.08/06") 
-- Found GTest: /nfs/dust/atlas/user/ewelina/AthGeneration/build/install/AthGenerationExternals/21.0.67/InstallArea/x86_64-slc6-gcc62-opt/lib/libgtest.so  
-- Found GMock: /nfs/dust/atlas/user/ewelina/AthGeneration/build/install/AthGenerationExternals/21.0.67/InstallArea/x86_64-slc6-gcc62-opt/include  
-- Configuring the build of package: AthenaBaseComps
-- Found ROOT: /cvmfs/sft.cern.ch/lcg/releases/LCG_88/ROOT/6.08.06/x86_64-slc6-gcc62-opt/include (found version "6.08/06") 
-- Configuring the build of package: AthenaCommon
-- Configuring the build of package: AthenaInterprocess
-- Found UUID: /usr/include  
-- Configuring the build of package: AthenaKernel
-- Found ROOT: /cvmfs/sft.cern.ch/lcg/releases/LCG_88/ROOT/6.08.06/x86_64-slc6-gcc62-opt/include (found version "6.08/06") 
-- Configuring the build of package: AthenaMP
-- Found ROOT: /cvmfs/sft.cern.ch/lcg/releases/LCG_88/ROOT/6.08.06/x86_64-slc6-gcc62-opt/include (found version "6.08/06") 
CMake Warning at /nfs/dust/atlas/user/ewelina/AthGeneration/athena/Control/AthenaMP/CMakeLists.txt:20 (find_package):
  By not providing "Finddmtcp.cmake" in CMAKE_MODULE_PATH this project has
  asked CMake to find a package configuration file provided by "dmtcp", but
  CMake did not find one.

  Could not find a package configuration file provided by "dmtcp" with any of
  the following names:

    dmtcpConfig.cmake
    dmtcp-config.cmake

  Add the installation prefix of "dmtcp" to CMAKE_PREFIX_PATH or set
  "dmtcp_DIR" to a directory containing one of the above files.  If "dmtcp"
  provides a separate development package or SDK, be sure it has been
  installed.


-- Configuring the build of package: AthenaMPTools
-- Found yampl: /nfs/dust/atlas/user/ewelina/AthGeneration/build/install/AthGenerationExternals/21.0.67/InstallArea/x86_64-slc6-gcc62-opt/include  
-- Configuring the build of package: AthenaPython
-- Found PythonLibs: /cvmfs/sft.cern.ch/lcg/releases/LCG_88/Python/2.7.13/x86_64-slc6-gcc62-opt/lib/libpython2.7.so (found version "2.7.13") 
-- Found ROOT: /cvmfs/sft.cern.ch/lcg/releases/LCG_88/ROOT/6.08.06/x86_64-slc6-gcc62-opt/include (found version "6.08/06") 
-- Configuring the build of package: AthenaServices
-- Configuring the build of package: CLIDComps
-- Configuring the build of package: CLIDSvc
-- Considering package 107 / 2126
-- Configuring the build of package: CxxUtils
-- Configuring the build of package: DataModel
-- Configuring the build of package: DataModelAthenaPool
-- Found ROOT: /cvmfs/sft.cern.ch/lcg/releases/LCG_88/ROOT/6.08.06/x86_64-slc6-gcc62-opt/include (found version "6.08/06") 
-- Configuring the build of package: DataModelRoot
-- Configuring the build of package: GaudiSequencer
-- Found valgrind: /cvmfs/sft.cern.ch/lcg/releases/LCG_88/valgrind/3.11.0/x86_64-slc6-gcc62-opt/include  
-- Configuring the build of package: IOVSvc
-- Configuring the build of package: Navigation
-- Configuring the build of package: PerfMonAna
-- Found ROOT: /cvmfs/sft.cern.ch/lcg/releases/LCG_88/ROOT/6.08.06/x86_64-slc6-gcc62-opt/include (found version "6.08/06") 
-- Configuring the build of package: PerfMonComps
-- Found AIDA: /cvmfs/sft.cern.ch/lcg/releases/LCG_88/AIDA/3.2.1/x86_64-slc6-gcc62-opt/src/cpp  
-- Found ROOT: /cvmfs/sft.cern.ch/lcg/releases/LCG_88/ROOT/6.08.06/x86_64-slc6-gcc62-opt/include (found version "6.08/06") 
-- Configuring the build of package: PerfMonEvent
-- Found ROOT: /cvmfs/sft.cern.ch/lcg/releases/LCG_88/ROOT/6.08.06/x86_64-slc6-gcc62-opt/include (found version "6.08/06") 
-- Configuring the build of package: PerfMonKernel
-- Configuring the build of package: PyKernel
-- Configuring the build of package: RngComps
-- Configuring the build of package: RootUtils
-- Found ROOT: /cvmfs/sft.cern.ch/lcg/releases/LCG_88/ROOT/6.08.06/x86_64-slc6-gcc62-opt/include (found version "6.08/06") 
-- Configuring the build of package: SGComps
-- Configuring the build of package: SGAudCore
-- Configuring the build of package: SGAudSvc
-- Configuring the build of package: SGTools
-- Found ROOT: /cvmfs/sft.cern.ch/lcg/releases/LCG_88/ROOT/6.08.06/x86_64-slc6-gcc62-opt/include (found version "6.08/06") 
-- Configuring the build of package: StoreGate
-- Found TBB: /cvmfs/sft.cern.ch/lcg/releases/LCG_88/tbb/44_20160413/x86_64-slc6-gcc62-opt/include  
-- Configuring the build of package: StoreGateBindings
-- Found ROOT: /cvmfs/sft.cern.ch/lcg/releases/LCG_88/ROOT/6.08.06/x86_64-slc6-gcc62-opt/include (found version "6.08/06") 
-- Configuring the build of package: xAODRootAccess
-- Found ROOT: /cvmfs/sft.cern.ch/lcg/releases/LCG_88/ROOT/6.08.06/x86_64-slc6-gcc62-opt/include (found version "6.08/06") 
-- Found ROOT: /cvmfs/sft.cern.ch/lcg/releases/LCG_88/ROOT/6.08.06/x86_64-slc6-gcc62-opt/include (found version "6.08/06") 
-- Configuring the build of package: xAODRootAccessInterfaces
-- Found ROOT: /cvmfs/sft.cern.ch/lcg/releases/LCG_88/ROOT/6.08.06/x86_64-slc6-gcc62-opt/include (found version "6.08/06") 
-- Configuring the build of package: GoodRunsLists
-- Found ROOT: /cvmfs/sft.cern.ch/lcg/releases/LCG_88/ROOT/6.08.06/x86_64-slc6-gcc62-opt/include (found version "6.08/06") 
-- Found LibXml2: /cvmfs/sft.cern.ch/lcg/releases/LCG_88/libxml2/2.9.3/x86_64-slc6-gcc62-opt/lib/libxml2.so (found version "2.9.3") 
-- Found ROOT: /cvmfs/sft.cern.ch/lcg/releases/LCG_88/ROOT/6.08.06/x86_64-slc6-gcc62-opt/include (found version "6.08/06") 
-- Configuring the build of package: CollectionBase
-- Found CORAL: /cvmfs/sft.cern.ch/lcg/releases/LCG_88/CORAL/3_1_8/x86_64-slc6-gcc62-opt/include  
-- Found ROOT: /cvmfs/sft.cern.ch/lcg/releases/LCG_88/ROOT/6.08.06/x86_64-slc6-gcc62-opt/include (found version "6.08/06") 
-- Configuring the build of package: CollectionUtilities
-- Found CORAL: /cvmfs/sft.cern.ch/lcg/releases/LCG_88/CORAL/3_1_8/x86_64-slc6-gcc62-opt/include  
-- Found XercesC: /cvmfs/sft.cern.ch/lcg/releases/LCG_88/XercesC/3.1.3/x86_64-slc6-gcc62-opt/include  
-- Could NOT find CURL (missing: CURL_LIBRARY CURL_INCLUDE_DIR) 
-- Configuring the build of package: FileCatalog
-- Found CORAL: /cvmfs/sft.cern.ch/lcg/releases/LCG_88/CORAL/3_1_8/x86_64-slc6-gcc62-opt/include  
-- Configuring the build of package: ImplicitCollection
-- Configuring the build of package: POOLCore
-- Configuring the build of package: PersistencySvc
-- Found CORAL: /cvmfs/sft.cern.ch/lcg/releases/LCG_88/CORAL/3_1_8/x86_64-slc6-gcc62-opt/include  
-- Configuring the build of package: RelationalCollection
-- Found CORAL: /cvmfs/sft.cern.ch/lcg/releases/LCG_88/CORAL/3_1_8/x86_64-slc6-gcc62-opt/include  
-- Configuring the build of package: RootCollection
-- Found ROOT: /cvmfs/sft.cern.ch/lcg/releases/LCG_88/ROOT/6.08.06/x86_64-slc6-gcc62-opt/include (found version "6.08/06") 
-- Found ROOT: /cvmfs/sft.cern.ch/lcg/releases/LCG_88/ROOT/6.08.06/x86_64-slc6-gcc62-opt/include (found version "6.08/06") 
-- Found CORAL: /cvmfs/sft.cern.ch/lcg/releases/LCG_88/CORAL/3_1_8/x86_64-slc6-gcc62-opt/include  
-- Configuring the build of package: RootStorageSvc
-- Found ROOT: /cvmfs/sft.cern.ch/lcg/releases/LCG_88/ROOT/6.08.06/x86_64-slc6-gcc62-opt/include (found version "6.08/06") 
-- Configuring the build of package: StorageSvc
-- Found CORAL: /cvmfs/sft.cern.ch/lcg/releases/LCG_88/CORAL/3_1_8/x86_64-slc6-gcc62-opt/include  
-- Found ROOT: /cvmfs/sft.cern.ch/lcg/releases/LCG_88/ROOT/6.08.06/x86_64-slc6-gcc62-opt/include (found version "6.08/06") 
-- Configuring the build of package: Tests
-- Found CppUnit: /cvmfs/sft.cern.ch/lcg/releases/LCG_88/CppUnit/1.12.1_p1/x86_64-slc6-gcc62-opt/include  
-- Configuring the build of package: TrigCollQuery
-- Configuring the build of package: XMLCatalog
-- Configuring the build of package: AthenaPoolCnvSvc
-- Found ROOT: /cvmfs/sft.cern.ch/lcg/releases/LCG_88/ROOT/6.08.06/x86_64-slc6-gcc62-opt/include (found version "6.08/06") 
-- Configuring the build of package: AthenaPoolExampleAlgorithms
-- Configuring the build of package: AthenaPoolExampleConverter
-- Found ROOT: /cvmfs/sft.cern.ch/lcg/releases/LCG_88/ROOT/6.08.06/x86_64-slc6-gcc62-opt/include (found version "6.08/06") 
-- Configuring the build of package: AthenaPoolExampleData
-- Configuring the build of package: AthenaPoolKernel
-- Configuring the build of package: AthenaPoolServices
-- Configuring the build of package: AthenaPoolTools
-- Configuring the build of package: AthenaPoolUtilities
-- Configuring the build of package: AtlasCollectionTools
-- Configuring the build of package: DBDataModel
-- Configuring the build of package: EventSelectorAthenaPool
-- Configuring the build of package: OutputStreamAthenaPool
-- Configuring the build of package: PoolSvc
-- Configuring the build of package: RDBAccessSvc
-- Configuring the build of package: RootConversions
-- Found ROOT: /cvmfs/sft.cern.ch/lcg/releases/LCG_88/ROOT/6.08.06/x86_64-slc6-gcc62-opt/include (found version "6.08/06") 
-- Configuring the build of package: RootFileTools
-- Found ROOT: /cvmfs/sft.cern.ch/lcg/releases/LCG_88/ROOT/6.08.06/x86_64-slc6-gcc62-opt/include (found version "6.08/06") 
-- Configuring the build of package: StlAthenaPoolCnv
-- Configuring the build of package: AthenaRootComps
-- Found ROOT: /cvmfs/sft.cern.ch/lcg/releases/LCG_88/ROOT/6.08.06/x86_64-slc6-gcc62-opt/include (found version "6.08/06") 
-- Found Xrootd: /cvmfs/sft.cern.ch/lcg/releases/LCG_88/xrootd/4.5.0/x86_64-slc6-gcc62-opt/include  
-- Configuring the build of package: AthenaRootKernel
-- Configuring the build of package: AtlasSTLAddReflex
-- Found ROOT: /cvmfs/sft.cern.ch/lcg/releases/LCG_88/ROOT/6.08.06/x86_64-slc6-gcc62-opt/include (found version "6.08/06") 
-- Configuring the build of package: AtlasSealCLHEP
-- Configuring the build of package: CondDBObjects
-- Configuring the build of package: AtlasAuthentication
-- Configuring the build of package: DBReplicaSvc
-- Configuring the build of package: CoolConvUtilities
-- Found COOL: /cvmfs/sft.cern.ch/lcg/releases/LCG_88/COOL/3_1_8/x86_64-slc6-gcc62-opt/include  
-- Found ROOT: /cvmfs/sft.cern.ch/lcg/releases/LCG_88/ROOT/6.08.06/x86_64-slc6-gcc62-opt/include (found version "6.08/06") 
-- Configuring the build of package: CoolLumiUtilities
-- Found ROOT: /cvmfs/sft.cern.ch/lcg/releases/LCG_88/ROOT/6.08.06/x86_64-slc6-gcc62-opt/include (found version "6.08/06") 
-- Configuring the build of package: CoolRunQuery
-- Configuring the build of package: CoraCool
-- Configuring the build of package: CoralDB
-- Configuring the build of package: EventIndexProducer
-- Configuring the build of package: FileStager
-- Found ROOT: /cvmfs/sft.cern.ch/lcg/releases/LCG_88/ROOT/6.08.06/x86_64-slc6-gcc62-opt/include (found version "6.08/06") 
-- Found ROOT: /cvmfs/sft.cern.ch/lcg/releases/LCG_88/ROOT/6.08.06/x86_64-slc6-gcc62-opt/include (found version "6.08/06") 
-- Configuring the build of package: IOVDbAthenaPool
-- Configuring the build of package: IOVDbDataModel
-- Found ROOT: /cvmfs/sft.cern.ch/lcg/releases/LCG_88/ROOT/6.08.06/x86_64-slc6-gcc62-opt/include (found version "6.08/06") 
-- Configuring the build of package: IOVDbMetaDataTools
-- Configuring the build of package: IOVDbPTCnv
-- Configuring the build of package: IOVDbSvc
-- Found CORAL: /cvmfs/sft.cern.ch/lcg/releases/LCG_88/CORAL/3_1_8/x86_64-slc6-gcc62-opt/include  
-- Found ROOT: /cvmfs/sft.cern.ch/lcg/releases/LCG_88/ROOT/6.08.06/x86_64-slc6-gcc62-opt/include (found version "6.08/06") 
-- Configuring the build of package: IOVDbTPCnv
-- Found CORAL: /cvmfs/sft.cern.ch/lcg/releases/LCG_88/CORAL/3_1_8/x86_64-slc6-gcc62-opt/include  
-- Found ROOT: /cvmfs/sft.cern.ch/lcg/releases/LCG_88/ROOT/6.08.06/x86_64-slc6-gcc62-opt/include (found version "6.08/06") 
-- Configuring the build of package: PersistentDataModel
-- Configuring the build of package: PersistentDataModelAthenaPool
-- Configuring the build of package: PersistentDataModelTPCnv
-- Configuring the build of package: RegistrationServices
-- Configuring the build of package: TPTools
-- Considering package 213 / 2126
-- Configuring the build of package: AtlasDetDescr
-- Configuring the build of package: GeoModelInterfaces
-- Configuring the build of package: GeoModelKernel
-- Configuring the build of package: GeoModelUtilities
-- Configuring the build of package: GeoPrimitives
-- Configuring the build of package: IdDict
-- Configuring the build of package: Identifier
-- Configuring the build of package: ByteStreamData
-- Found PythonInterp: /cvmfs/sft.cern.ch/lcg/releases/LCG_88/Python/2.7.13/x86_64-slc6-gcc62-opt/bin/python2.7 (found version "2.7.13") 
-- Found tdaq-common: /cvmfs/atlas.cern.ch/repo/sw/tdaq/tdaq-common/tdaq-common-02-03-00/installed/include  
-- Configuring the build of package: EventAthenaPool
-- Configuring the build of package: EventBookkeeperAthenaPool
-- Configuring the build of package: EventBookkeeperMetaData
-- Configuring the build of package: EventBookkeeperTPCnv
-- Configuring the build of package: EventBookkeeperTools
-- Configuring the build of package: EventContainers
-- Configuring the build of package: EventInfo
-- Configuring the build of package: EventInfoMgt
-- Configuring the build of package: EventKernel
-- Configuring the build of package: EventPTCnv
-- Configuring the build of package: EventPrimitives
-- Configuring the build of package: EventTPCnv
-- Configuring the build of package: FourMom
-- Configuring the build of package: NavFourMom
-- Configuring the build of package: PyDumper
-- Configuring the build of package: xAODBTagging
-- Configuring the build of package: xAODBase
-- Found ROOT: /cvmfs/sft.cern.ch/lcg/releases/LCG_88/ROOT/6.08.06/x86_64-slc6-gcc62-opt/include (found version "6.08/06") 
-- Configuring the build of package: xAODCaloEvent
-- Configuring the build of package: xAODCore
-- Found ROOT: /cvmfs/sft.cern.ch/lcg/releases/LCG_88/ROOT/6.08.06/x86_64-slc6-gcc62-opt/include (found version "6.08/06") 
-- Found ROOT: /cvmfs/sft.cern.ch/lcg/releases/LCG_88/ROOT/6.08.06/x86_64-slc6-gcc62-opt/include (found version "6.08/06") 
-- Configuring the build of package: xAODCoreAthenaPool
-- Configuring the build of package: xAODCoreCnv
-- Configuring the build of package: xAODCutFlow
-- Found ROOT: /cvmfs/sft.cern.ch/lcg/releases/LCG_88/ROOT/6.08.06/x86_64-slc6-gcc62-opt/include (found version "6.08/06") 
-- Configuring the build of package: xAODEventFormat
-- Found ROOT: /cvmfs/sft.cern.ch/lcg/releases/LCG_88/ROOT/6.08.06/x86_64-slc6-gcc62-opt/include (found version "6.08/06") 
-- Configuring the build of package: xAODEventInfo
-- Found ROOT: /cvmfs/sft.cern.ch/lcg/releases/LCG_88/ROOT/6.08.06/x86_64-slc6-gcc62-opt/include (found version "6.08/06") 
-- Configuring the build of package: xAODJet
-- Found ROOT: /cvmfs/sft.cern.ch/lcg/releases/LCG_88/ROOT/6.08.06/x86_64-slc6-gcc62-opt/include (found version "6.08/06") 
-- Configuring the build of package: xAODJetAthenaPool
-- Found ROOT: /cvmfs/sft.cern.ch/lcg/releases/LCG_88/ROOT/6.08.06/x86_64-slc6-gcc62-opt/include (found version "6.08/06") 
-- Considering package 319 / 2126
-- Configuring the build of package: xAODMuon
-- Configuring the build of package: xAODPrimitives
-- Configuring the build of package: xAODTracking
-- Configuring the build of package: xAODTrigger
-- Configuring the build of package: xAODTruth
-- Configuring the build of package: xAODTruthAthenaPool
-- Configuring the build of package: xAODTruthCnv
-- Configuring the build of package: AtlasDataArea
-- Configuring the build of package: AtlasPyFwdBwdPorts
-- Found pytools: /cvmfs/sft.cern.ch/lcg/releases/LCG_88/pytools/2.0/x86_64-slc6-gcc62-opt/lib/python2.7/site-packages  
-- Configuring the build of package: Pythia8
-- Found Pythia8: /cvmfs/sft.cern.ch/lcg/releases/LCG_88/MCGenerators/pythia8/226/x86_64-slc6-gcc62-opt/include  
-- Configuring the build of package: pyAMI
-- Considering package 425 / 2126
-- Configuring the build of package: AcerMC_i
-- Found Herwig: /cvmfs/sft.cern.ch/lcg/releases/LCG_88/MCGenerators/herwig/6.520.2/x86_64-slc6-gcc62-opt/include  
-- Configuring the build of package: AlpGenControl
-- Configuring the build of package: AlpGen_i
-- Found Pythia6: /cvmfs/sft.cern.ch/lcg/releases/LCG_88/MCGenerators/pythia6/428.2/x86_64-slc6-gcc62-opt/include  
-- Configuring the build of package: BeamHaloGenerator
-- Found HepMC: /cvmfs/sft.cern.ch/lcg/releases/LCG_88/HepMC/2.06.09/x86_64-slc6-gcc62-opt/include  
-- Found HepPDT: /cvmfs/sft.cern.ch/lcg/releases/LCG_88/HepPDT/2.06.01/x86_64-slc6-gcc62-opt/include  
-- Configuring the build of package: BoostAfterburner
-- Configuring the build of package: CavernBkgGenerator
-- Found ROOT: /cvmfs/sft.cern.ch/lcg/releases/LCG_88/ROOT/6.08.06/x86_64-slc6-gcc62-opt/include (found version "6.08/06") 
-- Configuring the build of package: Charybdis_i
-- Configuring the build of package: CompHep_i
-- Found Lhapdf: /cvmfs/sft.cern.ch/lcg/releases/LCG_88/MCGenerators/lhapdf/6.1.5/x86_64-slc6-gcc62-opt/include  
-- Configuring the build of package: CosmicGenerator
-- Configuring the build of package: Epos_i
-- Found Crmc: /cvmfs/sft.cern.ch/lcg/releases/LCG_88/MCGenerators/crmc/1.5.4/x86_64-slc6-gcc62-opt/src  
-- Found HepMC: /cvmfs/sft.cern.ch/lcg/releases/LCG_88/HepMC/2.06.09/x86_64-slc6-gcc62-opt/include  
-- Configuring the build of package: EvgenJobTransforms
-- Configuring the build of package: EvgenProdTools
-- Found HepMC: /cvmfs/sft.cern.ch/lcg/releases/LCG_88/HepMC/2.06.09/x86_64-slc6-gcc62-opt/include  
-- Found ROOT: /cvmfs/sft.cern.ch/lcg/releases/LCG_88/ROOT/6.08.06/x86_64-slc6-gcc62-opt/include (found version "6.08/06") 
-- Configuring the build of package: EvtGen_i
-- Found EvtGen: /cvmfs/sft.cern.ch/lcg/releases/LCG_88/MCGenerators/evtgen/1.4.0/x86_64-slc6-gcc62-opt/include  
-- Found Photospp: /cvmfs/sft.cern.ch/lcg/releases/LCG_88/MCGenerators/photos++/3.61/x86_64-slc6-gcc62-opt/include  
-- Found ROOT: /cvmfs/sft.cern.ch/lcg/releases/LCG_88/ROOT/6.08.06/x86_64-slc6-gcc62-opt/include (found version "6.08/06") 
-- Found Tauolapp: /cvmfs/sft.cern.ch/lcg/releases/LCG_88/MCGenerators/tauola++/1.1.6/x86_64-slc6-gcc62-opt/include  
-- Configuring the build of package: FlowAfterburner
-- Found GSL: /cvmfs/sft.cern.ch/lcg/releases/LCG_88/GSL/2.1/x86_64-slc6-gcc62-opt/include (found version "2.1") 
-- Found ROOT: /cvmfs/sft.cern.ch/lcg/releases/LCG_88/ROOT/6.08.06/x86_64-slc6-gcc62-opt/include (found version "6.08/06") 
-- Configuring the build of package: EventBoost
-- Configuring the build of package: ReweightTools
-- Configuring the build of package: TruthHelper
-- Configuring the build of package: TruthTools
-- Configuring the build of package: GenInterfaces
-- Configuring the build of package: GeneratorFilters
-- Found ROOT: /cvmfs/sft.cern.ch/lcg/releases/LCG_88/ROOT/6.08.06/x86_64-slc6-gcc62-opt/include (found version "6.08/06") 
-- Configuring the build of package: GeneratorFortranCommon
-- Configuring the build of package: GeneratorModules
-- Found ROOT: /cvmfs/sft.cern.ch/lcg/releases/LCG_88/ROOT/6.08.06/x86_64-slc6-gcc62-opt/include (found version "6.08/06") 
-- Configuring the build of package: GeneratorObjects
-- Configuring the build of package: GeneratorObjectsAthenaPool
-- Configuring the build of package: GeneratorObjectsTPCnv
-- Configuring the build of package: GeneratorUtils
-- Configuring the build of package: GenzModuleEvent
-- Configuring the build of package: HepMCAnalysis_i
-- Found HEPUtils: /cvmfs/sft.cern.ch/lcg/releases/LCG_88/MCGenerators/heputils/1.1.0/x86_64-slc6-gcc62-opt/include  
-- Found HepMCAnalysis: /nfs/dust/atlas/user/ewelina/AthGeneration/build/install/AthGenerationExternals/21.0.67/InstallArea/x86_64-slc6-gcc62-opt/include  
-- Configuring the build of package: HepMCWeightSvc
-- Configuring the build of package: Herwig7_i
-- Found Herwig3: /cvmfs/sft.cern.ch/lcg/releases/LCG_88/MCGenerators/herwig++/7.0.3/x86_64-slc6-gcc62-opt/include  
-- Found ThePEG: /cvmfs/sft.cern.ch/lcg/releases/LCG_88/MCGenerators/thepeg/2.0.3/x86_64-slc6-gcc62-opt/include  
-- Configuring the build of package: Herwig_i
-- Found HepMC: /cvmfs/sft.cern.ch/lcg/releases/LCG_88/HepMC/2.06.09/x86_64-slc6-gcc62-opt/include  
-- Found Jimmy: /cvmfs/sft.cern.ch/lcg/releases/LCG_88/MCGenerators/jimmy/4.31.3/x86_64-slc6-gcc62-opt/include  
-- Configuring the build of package: HforTool
-- Found HepMC: /cvmfs/sft.cern.ch/lcg/releases/LCG_88/HepMC/2.06.09/x86_64-slc6-gcc62-opt/include  
-- Configuring the build of package: Hijing_i
-- Found Hijing: /cvmfs/sft.cern.ch/lcg/releases/LCG_88/MCGenerators/hijing/1.383bs.2/x86_64-slc6-gcc62-opt/lib  
-- Found ROOT: /cvmfs/sft.cern.ch/lcg/releases/LCG_88/ROOT/6.08.06/x86_64-slc6-gcc62-opt/include (found version "6.08/06") 
-- Configuring the build of package: Hydjet_i
-- Found Hydjet: /cvmfs/sft.cern.ch/lcg/releases/LCG_88/MCGenerators/hydjet/1.6/x86_64-slc6-gcc62-opt/lib  
-- Found Pyquen: /cvmfs/sft.cern.ch/lcg/releases/LCG_88/MCGenerators/pyquen/1.5.1/x86_64-slc6-gcc62-opt/lib  
-- Configuring the build of package: Lhef_i
-- Configuring the build of package: MCTester_i
-- Found MCTester: /cvmfs/sft.cern.ch/lcg/releases/LCG_88/MCGenerators/mctester/1.25.0/x86_64-slc6-gcc62-opt/include  
-- Found ROOT: /cvmfs/sft.cern.ch/lcg/releases/LCG_88/ROOT/6.08.06/x86_64-slc6-gcc62-opt/include (found version "6.08/06") 
-- Configuring the build of package: MadGraphControl
-- Found MadGraph: /cvmfs/sft.cern.ch/lcg/releases/LCG_88/MCGenerators/madgraph5amc/2.6.1.atlas/x86_64-slc6-gcc62-opt  
-- Configuring the build of package: MadGraphModels
-- Configuring the build of package: MadGraph_i
-- Configuring the build of package: McAsciiEventSelector
-- Configuring the build of package: McAtNlo_i
-- Configuring the build of package: McEventSelector
-- Configuring the build of package: ParticleDecayer
-- Configuring the build of package: ParticleGun
-- Configuring the build of package: Photos_i
-- Found HepMC: /cvmfs/sft.cern.ch/lcg/releases/LCG_88/HepMC/2.06.09/x86_64-slc6-gcc62-opt/include  
-- Found Photos: /cvmfs/sft.cern.ch/lcg/releases/LCG_88/MCGenerators/photos/215.4/x86_64-slc6-gcc62-opt/include  
-- Configuring the build of package: Photospp_i
-- Configuring the build of package: PowhegControl
-- Configuring the build of package: Prophecy4fControl
-- Found ROOT: /cvmfs/sft.cern.ch/lcg/releases/LCG_88/ROOT/6.08.06/x86_64-slc6-gcc62-opt/include (found version "6.08/06") 
-- Configuring the build of package: ProtosLHEF_i
-- Configuring the build of package: Pythia8B_i
-- Found HepMC: /cvmfs/sft.cern.ch/lcg/releases/LCG_88/HepMC/2.06.09/x86_64-slc6-gcc62-opt/include  
-- Configuring the build of package: Pythia8_i
-- Configuring the build of package: PythiaChL_i
-- Found HepMC: /cvmfs/sft.cern.ch/lcg/releases/LCG_88/HepMC/2.06.09/x86_64-slc6-gcc62-opt/include  
-- Configuring the build of package: PythiaRhad_i
-- Configuring the build of package: Pythia_i
-- Configuring the build of package: QGSJet_i
-- Found Crmc: /cvmfs/sft.cern.ch/lcg/releases/LCG_88/MCGenerators/crmc/1.5.4/x86_64-slc6-gcc62-opt/src  
-- Configuring the build of package: Rivet_i
-- Found FastJet: /nfs/dust/atlas/user/ewelina/AthGeneration/build/install/AthGenerationExternals/21.0.67/InstallArea/x86_64-slc6-gcc62-opt/include  
-- Found HepMC: /cvmfs/sft.cern.ch/lcg/releases/LCG_88/HepMC/2.06.09/x86_64-slc6-gcc62-opt/include  
-- Found ROOT: /cvmfs/sft.cern.ch/lcg/releases/LCG_88/ROOT/6.08.06/x86_64-slc6-gcc62-opt/include (found version "6.08/06") 
-- Found Rivet: /cvmfs/sft.cern.ch/lcg/releases/LCG_88/MCGenerators/rivet/2.5.2/x86_64-slc6-gcc62-opt/include  
-- Found YODA: /cvmfs/sft.cern.ch/lcg/releases/LCG_88/MCGenerators/yoda/1.6.5/x86_64-slc6-gcc62-opt/include  
-- Configuring the build of package: Sherpa_i
-- Found Sherpa: /cvmfs/sft.cern.ch/lcg/releases/LCG_88/MCGenerators/sherpa/2.2.4/x86_64-slc6-gcc62-opt/include/SHERPA-MC  
-- Configuring the build of package: Starlight_i
-- Found Starlight: /cvmfs/sft.cern.ch/lcg/releases/LCG_88/MCGenerators/starlight/r193/x86_64-slc6-gcc62-opt/include  
-- Configuring the build of package: Tauola_i
-- Found HepMC: /cvmfs/sft.cern.ch/lcg/releases/LCG_88/HepMC/2.06.09/x86_64-slc6-gcc62-opt/include  
-- Found Tauola: /cvmfs/sft.cern.ch/lcg/releases/LCG_88/MCGenerators/tauola/28.121.2/x86_64-slc6-gcc62-opt/include  
-- Configuring the build of package: Tauolapp_i
-- Found HepMC: /cvmfs/sft.cern.ch/lcg/releases/LCG_88/HepMC/2.06.09/x86_64-slc6-gcc62-opt/include  
-- Configuring the build of package: TruthIO
-- Found HepMC: /cvmfs/sft.cern.ch/lcg/releases/LCG_88/HepMC/2.06.09/x86_64-slc6-gcc62-opt/include  
-- Configuring the build of package: TruthUtils
-- Found HepMC: /cvmfs/sft.cern.ch/lcg/releases/LCG_88/HepMC/2.06.09/x86_64-slc6-gcc62-opt/include  
-- Found MCUtils: /cvmfs/sft.cern.ch/lcg/releases/LCG_88/MCGenerators/mcutils/1.2.1/x86_64-slc6-gcc62-opt/include  
-- Found ROOT: /cvmfs/sft.cern.ch/lcg/releases/LCG_88/ROOT/6.08.06/x86_64-slc6-gcc62-opt/include (found version "6.08/06") 
-- Considering package 531 / 2126
-- Configuring the build of package: InDetRecExample
-- Considering package 637 / 2126
-- Configuring the build of package: InDetTrackSelectionTool
-- Found ROOT: /cvmfs/sft.cern.ch/lcg/releases/LCG_88/ROOT/6.08.06/x86_64-slc6-gcc62-opt/include (found version "6.08/06") 
-- Considering package 743 / 2126
-- Configuring the build of package: LArHV
-- Configuring the build of package: LArReadoutGeometry
-- Configuring the build of package: LArIdentifier
-- Found ROOT: /cvmfs/sft.cern.ch/lcg/releases/LCG_88/ROOT/6.08.06/x86_64-slc6-gcc62-opt/include (found version "6.08/06") 
-- Considering package 849 / 2126
-- Considering package 955 / 2126
-- Configuring the build of package: MuonIdHelpers
-- Considering package 1061 / 2126
-- Configuring the build of package: PATCore
-- Found ROOT: /cvmfs/sft.cern.ch/lcg/releases/LCG_88/ROOT/6.08.06/x86_64-slc6-gcc62-opt/include (found version "6.08/06") 
-- Configuring the build of package: PATInterfaces
-- Found ROOT: /cvmfs/sft.cern.ch/lcg/releases/LCG_88/ROOT/6.08.06/x86_64-slc6-gcc62-opt/include (found version "6.08/06") 
-- Found ROOT: /cvmfs/sft.cern.ch/lcg/releases/LCG_88/ROOT/6.08.06/x86_64-slc6-gcc62-opt/include (found version "6.08/06") 
-- Configuring the build of package: ParticleEvent
-- Found ROOT: /cvmfs/sft.cern.ch/lcg/releases/LCG_88/ROOT/6.08.06/x86_64-slc6-gcc62-opt/include (found version "6.08/06") 
-- Considering package 1167 / 2126
-- Configuring the build of package: AsgAnalysisInterfaces
-- Found ROOT: /cvmfs/sft.cern.ch/lcg/releases/LCG_88/ROOT/6.08.06/x86_64-slc6-gcc62-opt/include (found version "6.08/06") 
-- Configuring the build of package: McParticleEvent
-- Configuring the build of package: McParticleKernel
-- Considering package 1273 / 2126
-- Configuring the build of package: JetEDM
-- Configuring the build of package: JetEvent
-- Found ROOT: /cvmfs/sft.cern.ch/lcg/releases/LCG_88/ROOT/6.08.06/x86_64-slc6-gcc62-opt/include (found version "6.08/06") 
-- Configuring the build of package: JetInterface
-- Configuring the build of package: JetRec
-- Found FastJet: /nfs/dust/atlas/user/ewelina/AthGeneration/build/install/AthGenerationExternals/21.0.67/InstallArea/x86_64-slc6-gcc62-opt/include  
-- Found FastJetContrib: /nfs/dust/atlas/user/ewelina/AthGeneration/build/install/AthGenerationExternals/21.0.67/InstallArea/x86_64-slc6-gcc62-opt/include  
-- Found ROOT: /cvmfs/sft.cern.ch/lcg/releases/LCG_88/ROOT/6.08.06/x86_64-slc6-gcc62-opt/include (found version "6.08/06") 
-- Configuring the build of package: JetRecConfig
-- Configuring the build of package: Particle
-- Found ROOT: /cvmfs/sft.cern.ch/lcg/releases/LCG_88/ROOT/6.08.06/x86_64-slc6-gcc62-opt/include (found version "6.08/06") 
-- Configuring the build of package: RecAlgs
-- Configuring the build of package: RecEvent
-- Configuring the build of package: RecEventAthenaPool
-- Configuring the build of package: RecEventTPCnv
-- Configuring the build of package: RecExConfig
-- Considering package 1379 / 2126
-- Configuring the build of package: eflowRec
-- Considering package 1485 / 2126
-- Configuring the build of package: AtlasCLHEP_RandomGenerators
-- Found dSFMT: /nfs/dust/atlas/user/ewelina/AthGeneration/build/install/AthGenerationExternals/21.0.67/InstallArea/x86_64-slc6-gcc62-opt/include  
-- Considering package 1591 / 2126
-- Configuring the build of package: ART
-- Configuring the build of package: AtlasDoxygen
-- Configuring the build of package: CodeCheck
-- Configuring the build of package: JobTransforms
-- Configuring the build of package: KitValidation
-- Configuring the build of package: PathResolver
-- Found ROOT: /cvmfs/sft.cern.ch/lcg/releases/LCG_88/ROOT/6.08.06/x86_64-slc6-gcc62-opt/include (found version "6.08/06") 
-- Configuring the build of package: PmbCxxUtils
-- Configuring the build of package: PyCmt
-- Configuring the build of package: PyJobTransforms
-- Configuring the build of package: PyJobTransformsCore
-- Configuring the build of package: PyUtils
-- Found ROOT: /cvmfs/sft.cern.ch/lcg/releases/LCG_88/ROOT/6.08.06/x86_64-slc6-gcc62-opt/include (found version "6.08/06") 
-- Configuring the build of package: Scripts
-- Configuring the build of package: XMLCoreParser
-- Found EXPAT: /cvmfs/sft.cern.ch/lcg/releases/LCG_88/expat/2.0.1/x86_64-slc6-gcc62-opt/lib/libexpat.so (found version "2.0.1") 
-- Configuring the build of package: TrkDetDescrUtils
-- Configuring the build of package: TrkDetElementBase
-- Configuring the build of package: TrkDistortedSurfaces
-- Found ROOT: /cvmfs/sft.cern.ch/lcg/releases/LCG_88/ROOT/6.08.06/x86_64-slc6-gcc62-opt/include (found version "6.08/06") 
-- Configuring the build of package: TrkGeometry
-- Configuring the build of package: TrkSurfaces
-- Configuring the build of package: TrkEventPrimitives
-- Configuring the build of package: TrkMaterialOnTrack
-- Configuring the build of package: TrkMeasurementBase
-- Configuring the build of package: TrkNeutralParameters
-- Configuring the build of package: TrkParameters
-- Configuring the build of package: TrkParametersBase
-- Configuring the build of package: TrkParticleBase
-- Configuring the build of package: TrkPatternParameters
-- Configuring the build of package: TrkSegment
-- Configuring the build of package: TrkTrack
-- Configuring the build of package: TrkTrackLink
-- Considering package 1697 / 2126
-- Configuring the build of package: TrkTrackSummary
-- Configuring the build of package: VxVertex
-- Configuring the build of package: TrkExInterfaces
-- Configuring the build of package: TrkExUtils
-- Configuring the build of package: TrkToolInterfaces
-- Considering package 1803 / 2126
-- Considering package 1909 / 2126
-- Considering package 2015 / 2126
-- Considering package 2121 / 2126
CMake Error at /nfs/dust/atlas/user/ewelina/AthGeneration/athena/Projects/Athena/CMakeLists.txt:30 (find_package):
  By not providing "FindAthenaExternals.cmake" in CMAKE_MODULE_PATH this
  project has asked CMake to find a package configuration file provided by
  "AthenaExternals", but CMake did not find one.

  Could not find a package configuration file provided by "AthenaExternals"
  with any of the following names:

    AthenaExternalsConfig.cmake
    athenaexternals-config.cmake

  Add the installation prefix of "AthenaExternals" to CMAKE_PREFIX_PATH or
  set "AthenaExternals_DIR" to a directory containing one of the above files.
  If "AthenaExternals" provides a separate development package or SDK, be
  sure it has been installed.


-- Configuring incomplete, errors occurred!
See also "/nfs/dust/atlas/user/ewelina/AthGeneration/build/build/AthGeneration/CMakeFiles/CMakeOutput.log".
See also "/nfs/dust/atlas/user/ewelina/AthGeneration/build/build/AthGeneration/CMakeFiles/CMakeError.log".
