This is TeX, Version 3.14159 (Web2C 7.3.1) (format=latex 2005.4.1)  28 NOV 2005 13:10
**new_main.tex
(new_main.tex
LaTeX2e <2001/06/01>
Babel <v3.7h> and hyphenation patterns for american, french, german, ngerman, i
talian, nohyphenation, loaded.
(/usr/share/texmf/tex/latex/base/article.cls
Document Class: article 2001/04/21 v1.4e Standard LaTeX document class
(/usr/share/texmf/tex/latex/base/size10.clo
File: size10.clo 2001/04/21 v1.4e Standard LaTeX file (size option)
)
\c@part=\count79
\c@section=\count80
\c@subsection=\count81
\c@subsubsection=\count82
\c@paragraph=\count83
\c@subparagraph=\count84
\c@figure=\count85
\c@table=\count86
\abovecaptionskip=\skip41
\belowcaptionskip=\skip42
\bibindent=\dimen102
)
(/usr/share/texmf/tex/generic/babel/babel.sty
Package: babel 2001/03/01 v3.7h The Babel package

(/usr/share/texmf/tex/generic/babel/english.ldf
Language: english 2001/04/15 v3.3l English support from the babel system

(/usr/share/texmf/tex/generic/babel/babel.def
File: babel.def 2001/03/01 v3.7h Babel common definitions
\babel@savecnt=\count87
\U@D=\dimen103
)
\l@canadian = a dialect from \language\l@english 
))
(/usr/share/texmf/tex/latex/graphics/graphicx.sty
Package: graphicx 1999/02/16 v1.0f Enhanced LaTeX Graphics (DPC,SPQR)

(/usr/share/texmf/tex/latex/graphics/keyval.sty
Package: keyval 1999/03/16 v1.13 key=value parser (DPC)
\KV@toks@=\toks14
)
(/usr/share/texmf/tex/latex/graphics/graphics.sty
Package: graphics 2001/07/07 v1.0n Standard LaTeX Graphics (DPC,SPQR)

(/usr/share/texmf/tex/latex/graphics/trig.sty
Package: trig 1999/03/16 v1.09 sin cos tan (DPC)
)
(/usr/share/texmf/tex/latex/config/graphics.cfg)
Package graphics Info: Driver file: dvips.def on input line 80.

(/usr/share/texmf/tex/latex/graphics/dvips.def
File: dvips.def 1999/02/16 v3.0i Driver-dependant file (DPC,SPQR)
))
\Gin@req@height=\dimen104
\Gin@req@width=\dimen105
) (new_main.aux)
\openout1 = `new_main.aux'.

LaTeX Font Info:    Checking defaults for OML/cmm/m/it on input line 7.
LaTeX Font Info:    ... okay on input line 7.
LaTeX Font Info:    Checking defaults for T1/cmr/m/n on input line 7.
LaTeX Font Info:    ... okay on input line 7.
LaTeX Font Info:    Checking defaults for OT1/cmr/m/n on input line 7.
LaTeX Font Info:    ... okay on input line 7.
LaTeX Font Info:    Checking defaults for OMS/cmsy/m/n on input line 7.
LaTeX Font Info:    ... okay on input line 7.
LaTeX Font Info:    Checking defaults for OMX/cmex/m/n on input line 7.
LaTeX Font Info:    ... okay on input line 7.
LaTeX Font Info:    Checking defaults for U/cmr/m/n on input line 7.
LaTeX Font Info:    ... okay on input line 7.
LaTeX Font Info:    External font `cmex10' loaded for size
(Font)              <12> on input line 8.
LaTeX Font Info:    External font `cmex10' loaded for size
(Font)              <8> on input line 8.
LaTeX Font Info:    External font `cmex10' loaded for size
(Font)              <6> on input line 8.
LaTeX Font Info:    External font `cmex10' loaded for size
(Font)              <7> on input line 38.
LaTeX Font Info:    External font `cmex10' loaded for size
(Font)              <5> on input line 38.
 [1

] (qwave.tex
File: qwave.eps Graphic file (type eps)
<qwave.eps>) (bqwave.tex
File: bqwave.eps Graphic file (type eps)
 <bqwave.eps>) [2] [3]
LaTeX Font Info:    Try loading font information for OMS+cmr on input line 114.


(/usr/share/texmf/tex/latex/base/omscmr.fd
File: omscmr.fd 1999/05/25 v2.5h Standard LaTeX font definitions
)
LaTeX Font Info:    Font shape `OMS/cmr/m/n' in size <10> not available
(Font)              Font shape `OMS/cmsy/m/n' tried instead on input line 114.
 [4]
Overfull \hbox (90.77652pt too wide) in paragraph at lines 161--169
\OT1/cmtt/m/n/10 LArWheelCalculator::LArWheelCalculator[]t InnerAbsorberWheel\O
T1/cmr/m/n/10 , \OT1/cmtt/m/n/10 InnerElectrodWheel\OT1/cmr/m/n/10 ,
 []


Overfull \hbox (86.94112pt too wide) in paragraph at lines 161--169
\OT1/cmtt/m/n/10 InnerAbsorberModule\OT1/cmr/m/n/10 , \OT1/cmtt/m/n/10 InnerEle
ctrodModule\OT1/cmr/m/n/10 , \OT1/cmtt/m/n/10 OuterAbsorberWheel\OT1/cmr/m/n/10
 , \OT1/cmtt/m/n/10 OuterElectrodWheel\OT1/cmr/m/n/10 ,
 []


Overfull \hbox (40.77687pt too wide) in paragraph at lines 170--172
[]\OT1/cmtt/m/n/10 static const char *LArWheelCalculatorTypeString((LArWheelCal
culator[]t
 []

[5]
Overfull \hbox (10.65134pt too wide) in paragraph at lines 189--192
[]\OT1/cmr/m/n/10 If sag-ging is on, $\OML/cmm/m/it/10 p[]$ \OT1/cmr/m/n/10 is 
summed up with the value re-turned by \OT1/cmtt/m/n/10 get[]sagging(p)\OT1/cmr/
m/n/10 .
 []

(qwave_prime.tex
File: qwave_prime.eps Graphic file (type eps)
 <qwave_prime.eps>) (bqwave_prime.tex
File: bqwave_prime.eps Graphic file (type eps)
 <bqwave_prime.eps>)
Overfull \hbox (15.9971pt too wide) in paragraph at lines 233--240
[]\OT1/cmtt/m/n/10 Hep3Vector NearestPointOnNeutralFibre(const Hep3Vector &p) c
onst 
 []


Overfull \hbox (13.61037pt too wide) in paragraph at lines 233--240
\OT1/cmr/m/n/10 This func-tion is nearly iden-ti-cal to the func-tion \OT1/cmtt
/m/n/10 DistanceToTheNeutralFibre
 []


Overfull \hbox (70.97495pt too wide) in paragraph at lines 233--240
\OT1/cmr/m/n/10 cal fan neu-tral fi-bre which is the ``near-est'' to $\OML/cmm/
m/it/10 p$ \OT1/cmr/m/n/10 as de-fined by \OT1/cmtt/m/n/10 DistanceToTheNeutral
Fibre\OT1/cmr/m/n/10 . 
 []

[6] [7] [8]
Overfull \hbox (82.75298pt too wide) in paragraph at lines 292--296
\OT1/cmtt/m/n/10 LArWheelSolid \OT1/cmr/m/n/10 is a cus-tom Geant4 solid. The c
lass is lo-cated in \OT1/cmtt/m/n/10 Simulation/G4Utilities/Geo2G4
 []

[9]
Overfull \hbox (76.49742pt too wide) in paragraph at lines 342--344
[]\OT1/cmtt/m/n/10 static const G4double IterationPrecision2 \OT1/cmr/m/n/10 --
- sec-ond power of \OT1/cmtt/m/n/10 IterationPrecision\OT1/cmr/m/n/10 . 
 []


Overfull \hbox (50.21916pt too wide) in paragraph at lines 352--363
[]\OT1/cmtt/m/n/10 G4Polycone **FanSection\OT1/cmr/m/n/10 , \OT1/cmtt/m/n/10 G4
int MaxFanSection\OT1/cmr/m/n/10 , \OT1/cmtt/m/n/10 G4double *FanSectionLimits\
OT1/cmr/m/n/10 ,
 []


Overfull \hbox (16.18454pt too wide) in paragraph at lines 352--363
\OT1/cmr/m/n/10 type \OT1/cmtt/m/n/10 G4Polycone \OT1/cmr/m/n/10 cor-re-spond-i
ng to sec-tions of the ver-ti-cal fan. \OT1/cmtt/m/n/10 FanSection[i]
 []


Overfull \hbox (13.90085pt too wide) in paragraph at lines 369--372
[]\OT1/cmtt/m/n/10 G4double MinPhi\OT1/cmr/m/n/10 , \OT1/cmtt/m/n/10 G4double M
axPhi \OT1/cmr/m/n/10 --- $\OML/cmm/m/it/10 '$\OT1/cmr/m/n/10 -boundaries of \O
T1/cmtt/m/n/10 BoundingPolycone\OT1/cmr/m/n/10 ,
 []


Overfull \hbox (0.83334pt too wide) in paragraph at lines 377--384
[]\OT1/cmr/m/n/10 Constructor \OT1/cmtt/m/n/10 LArWheelSolid(const G4String &na
me, LArWheelSolid[]t
 []


Overfull \hbox (32.47325pt too wide) in paragraph at lines 377--384
\OT1/cmtt/m/n/10 LArSolidWheel[]t \OT1/cmr/m/n/10 is an enu-mer-a-tor type, de-
fined val-ues are \OT1/cmtt/m/n/10 InnerAbsorberWheel\OT1/cmr/m/n/10 ,
 []


Overfull \hbox (86.94112pt too wide) in paragraph at lines 377--384
\OT1/cmtt/m/n/10 InnerElectrodWheel\OT1/cmr/m/n/10 , \OT1/cmtt/m/n/10 InnerAbso
rberModule\OT1/cmr/m/n/10 , \OT1/cmtt/m/n/10 InnerElectrodModule\OT1/cmr/m/n/10
 , \OT1/cmtt/m/n/10 OuterAbsorberWheel\OT1/cmr/m/n/10 ,
 []


Overfull \hbox (12.29361pt too wide) in paragraph at lines 377--384
\OT1/cmtt/m/n/10 OuterElectrodWheel\OT1/cmr/m/n/10 , \OT1/cmtt/m/n/10 OuterAbso
rberModule\OT1/cmr/m/n/10 , \OT1/cmtt/m/n/10 OuterElectrodModule\OT1/cmr/m/n/10
 . \OT1/cmtt/m/n/10 name
 []

[10] (out_iter.tex
File: out_iter.eps Graphic file (type eps)
 <out_iter.eps>) [11] [12]
Overfull \hbox (6.96568pt too wide) in paragraph at lines 504--512
[]\OT1/cmr/m/n/10 If the point $\OML/cmm/m/it/10 q$ \OT1/cmr/m/n/10 has been fo
und ear-lier by the func-tion \OT1/cmtt/m/n/10 out[]iteration[]process
 []

[13] [14] [15]
Overfull \hbox (73.27711pt too wide) in paragraph at lines 650--655
[]\OT1/cmr/m/n/10 Constructor is \OT1/cmtt/m/n/10 LArWheelEnergyCalculator(LArW
heelCalculator::LArWheelCalculator[]t
 []


Overfull \hbox (14.38893pt too wide) in paragraph at lines 664--667
[]\OT1/cmr/m/n/10 The ap-proach seemed promis-ing, but un-for-tu-nately, first 
ver-sion of \OT1/cmtt/m/n/10 LArFanSolid
 []

(new_reflist.tex [16]) [17] (new_main.aux) ) 
Here is how much of TeX's memory you used:
 869 strings out of 20880
 9597 string characters out of 196680
 60780 words of memory out of 350001
 3839 multiletter control sequences out of 10000+15000
 9419 words of font info for 36 fonts, out of 400000 for 1000
 14 hyphenation exceptions out of 10000
 25i,8n,21p,544b,379s stack positions out of 3000i,100n,1500p,50000b,4000s

Output written on new_main.dvi (17 pages, 49332 bytes).
