# This file was automatically created by FeynRules 2.0.17
# Mathematica version: 8.0 for Mac OS X x86 (64-bit) (November 6, 2010)
# Date: Wed 10 Dec 2014 14:04:40


# 
# This is the logfile for the model GM

# Authors: K. Hartling, K. Kumar, H. Logan
# Model version: 1.2
# Checking the Quantum numbers
   * Electric charge defined.
# Checking the Lagrangians
   * All Lagrangians are ok.
#
# Particle definitions
#

   * No particles removed. All particles correspond to GenInt setup.

# Automatically assigned PDG numbers
   * Assigned PDG number 9000001 to particle ghA
   * Assigned PDG number 9000002 to particle ghZ
   * Assigned PDG number 9000003 to particle ghWp
   * Assigned PDG number 9000004 to particle ghWm
   * Assigned PDG number 9000005 to particle ghG


# Compulsory PDG codes:
   * Class SM leptons complete.
   * Class SM neutrinos complete.
   * Class SM quarks complete.
   * Class SM gauge bosons complete.
#
# Parameter definitions
#

   * All parameters are ok.


# Vertices
   * Calling FeynmanRules for 1 Lagrangians.
   * Number of classes vertices: 483
   * Number of flavored vertices: 585
   * Saved vertices in InterfaceRun[ 1 ].
   * Checked QNumber conservation.
      - Quantum number GhostNumber conserved in all vertices.
      - Quantum number LeptonNumber conserved in all vertices.
      - Quantum number Q conserved in all vertices.
   * particles.py written.
   * parameters.py written.
#
# Vertex definitions
#

   * 585 vertices written.
   * vertices.py written.
#
# Lorentz structure definitions
#

   * 22 lorentz structures written.
   * lorentz.py written.
#
# Coupling definitions
#

   * 440 couplings written.
   * couplings.py written.
#
# Coupling order definitions
#

   * 0 couplings orders written.
   * coupling_orders.py written.
#
# Decay definitions
#

   * 18 decays written.
   * decay.py not written
