1c1
< # $Id: diff.log,v 1.1 2007-05-10 19:13:27 jarguin Exp $					
---
> # $Id: diff.log,v 1.1 2007-05-10 19:13:27 jarguin Exp $					
676,699c676,699
< Y0906S1_LU02_Topto0-5	LU	SLOT-0	Y1106S1_BBIM01A.Ibox2.Temp0	BBIM	UP
< Y0906S1_LU02_Topto0-5	LU	SLOT-1	Y1106S1_BBIM01A.Ibox2.Temp1	BBIM	UP
< Y0906S1_LU02_Topto0-5	LU	SLOT-2	Y1106S1_BBIM01A.Ibox2.Temp2	BBIM	UP
< Y0906S1_LU02_Topto0-5	LU	SLOT-3	Y1106S1_BBIM01A.Ibox2.Temp3	BBIM	UP
< Y0906S1_LU02_Topto0-5	LU	SLOT-4	Y1106S1_BBIM01A.Ibox2.Temp4	BBIM	UP
< Y0906S1_LU02_Topto0-5	LU	SLOT-5	Y1106S1_BBIM01A.Ibox2.Temp5	BBIM	UP
< Y0906S1_LU02_Topto6-11	LU	SLOT-6	Y1106S1_BBIM01A.Ibox2.Temp7	BBIM	UP
< Y0906S1_LU02_Topto6-11	LU	SLOT-7	Y1106S1_BBIM01A.Ibox2.Temp8	BBIM	UP
< Y0906S1_LU02_Topto6-11	LU	SLOT-8	Y1106S1_BBIM01A.Ibox2.Temp9	BBIM	UP
< Y0906S1_LU02_Topto6-11	LU	SLOT-9	Y1106S1_BBIM01A.Ibox2.Tempa	BBIM	UP
< Y0906S1_LU02_Topto6-11	LU	SLOT-10	Y1106S1_BBIM01A.Ibox2.Tempb	BBIM	UP
< Y0906S1_LU02_Topto6-11	LU	SLOT-11	Y1106S1_BBIM01A.Ibox2.Tempc	BBIM	UP
< Y1006S1_LU03_Topto0-5	LU	SLOT-12	Y1106S1_BBIM02A.Ibox0.Temp0	BBIM	UP
< Y1006S1_LU03_Topto0-5	LU	SLOT-13	Y1106S1_BBIM02A.Ibox0.Temp1	BBIM	UP
< Y1006S1_LU03_Topto0-5	LU	SLOT-14	Y1106S1_BBIM02A.Ibox0.Temp2	BBIM	UP
< Y1006S1_LU03_Topto0-5	LU	SLOT-15	Y1106S1_BBIM02A.Ibox0.Temp3	BBIM	UP
< Y1006S1_LU03_Topto0-5	LU	SLOT-16	Y1106S1_BBIM02A.Ibox0.Temp4	BBIM	UP
< Y1006S1_LU03_Topto0-5	LU	SLOT-17	Y1106S1_BBIM02A.Ibox0.Temp5	BBIM	UP
< Y1006S1_LU03_Topto6-11	LU	SLOT-18	Y1106S1_BBIM02A.Ibox0.Temp7	BBIM	UP
< Y1006S1_LU03_Topto6-11	LU	SLOT-19	Y1106S1_BBIM02A.Ibox0.Temp8	BBIM	UP
< Y1006S1_LU03_Topto6-11	LU	SLOT-20	Y1106S1_BBIM02A.Ibox0.Temp9	BBIM	UP
< Y1006S1_LU03_Topto6-11	LU	SLOT-21	Y1106S1_BBIM02A.Ibox0.Tempa	BBIM	UP
< Y1006S1_LU03_Topto6-11	LU	SLOT-22	Y1106S1_BBIM02A.Ibox0.Tempb	BBIM	UP
< Y1006S1_LU03_Topto6-11	LU	SLOT-23	Y1106S1_BBIM02A.Ibox0.Tempc	BBIM	UP
---
> Y0906S1_LU02_TOpto0-5	LU	SLOT-0	Y1106S1_BBIM01A.Ibox2.Temp0	BBIM	UP
> Y0906S1_LU02_TOpto0-5	LU	SLOT-1	Y1106S1_BBIM01A.Ibox2.Temp1	BBIM	UP
> Y0906S1_LU02_TOpto0-5	LU	SLOT-2	Y1106S1_BBIM01A.Ibox2.Temp2	BBIM	UP
> Y0906S1_LU02_TOpto0-5	LU	SLOT-3	Y1106S1_BBIM01A.Ibox2.Temp3	BBIM	UP
> Y0906S1_LU02_TOpto0-5	LU	SLOT-4	Y1106S1_BBIM01A.Ibox2.Temp4	BBIM	UP
> Y0906S1_LU02_TOpto0-5	LU	SLOT-5	Y1106S1_BBIM01A.Ibox2.Temp5	BBIM	UP
> Y0906S1_LU02_TOpto6-11	LU	SLOT-6	Y1106S1_BBIM01A.Ibox2.Temp7	BBIM	UP
> Y0906S1_LU02_TOpto6-11	LU	SLOT-7	Y1106S1_BBIM01A.Ibox2.Temp8	BBIM	UP
> Y0906S1_LU02_TOpto6-11	LU	SLOT-8	Y1106S1_BBIM01A.Ibox2.Temp9	BBIM	UP
> Y0906S1_LU02_TOpto6-11	LU	SLOT-9	Y1106S1_BBIM01A.Ibox2.TempA	BBIM	UP
> Y0906S1_LU02_TOpto6-11	LU	SLOT-10	Y1106S1_BBIM01A.Ibox2.TempB	BBIM	UP
> Y0906S1_LU02_TOpto6-11	LU	SLOT-11	Y1106S1_BBIM01A.Ibox2.TempC	BBIM	UP
> Y1006S1_LU03_TOpto0-5	LU	SLOT-12	Y1106S1_BBIM02A.Ibox0.Temp0	BBIM	UP
> Y1006S1_LU03_TOpto0-5	LU	SLOT-13	Y1106S1_BBIM02A.Ibox0.Temp1	BBIM	UP
> Y1006S1_LU03_TOpto0-5	LU	SLOT-14	Y1106S1_BBIM02A.Ibox0.Temp2	BBIM	UP
> Y1006S1_LU03_TOpto0-5	LU	SLOT-15	Y1106S1_BBIM02A.Ibox0.Temp3	BBIM	UP
> Y1006S1_LU03_TOpto0-5	LU	SLOT-16	Y1106S1_BBIM02A.Ibox0.Temp4	BBIM	UP
> Y1006S1_LU03_TOpto0-5	LU	SLOT-17	Y1106S1_BBIM02A.Ibox0.Temp5	BBIM	UP
> Y1006S1_LU03_TOpto6-11	LU	SLOT-18	Y1106S1_BBIM02A.Ibox0.Temp7	BBIM	UP
> Y1006S1_LU03_TOpto6-11	LU	SLOT-19	Y1106S1_BBIM02A.Ibox0.Temp8	BBIM	UP
> Y1006S1_LU03_TOpto6-11	LU	SLOT-20	Y1106S1_BBIM02A.Ibox0.Temp9	BBIM	UP
> Y1006S1_LU03_TOpto6-11	LU	SLOT-21	Y1106S1_BBIM02A.Ibox0.TempA	BBIM	UP
> Y1006S1_LU03_TOpto6-11	LU	SLOT-22	Y1106S1_BBIM02A.Ibox0.TempB	BBIM	UP
> Y1006S1_LU03_TOpto6-11	LU	SLOT-23	Y1106S1_BBIM02A.Ibox0.TempC	BBIM	UP
752,775c752,775
< Y1106S1_BBIM01A.Ibox0.Temp0-5	BBIM	Tmodule	C.P2-S.31-0-3	OPTO-PP2	UP
< Y1106S1_BBIM01A.Ibox0.Temp7-c	BBIM	Tmodule	C.P2-S.31-0-4	OPTO-PP2	UP
< Y1106S1_BBIM01A.Ibox1.Temp0-5	BBIM	Tmodule	C.P2-S.31-1-3	OPTO-PP2	UP
< Y1106S1_BBIM01A.Ibox1.Temp7-c	BBIM	Tmodule	C.P2-S.31-1-4	OPTO-PP2	UP
< Y1106S1_BBIM01A.Ibox3.Temp0-5	BBIM	Tmodule	C.P2-S.31-2-3	OPTO-PP2	UP
< Y1106S1_BBIM01A.Ibox3.Temp7-c	BBIM	Tmodule	C.P2-S.31-2-4	OPTO-PP2	UP
< Y1106S1_BBIM01B.Ibox0.Temp0-5	BBIM	Tmodule	C.P2-S.31-3-3	OPTO-PP2	UP
< Y1106S1_BBIM01B.Ibox0.Temp7-c	BBIM	Tmodule	C.P2-S.31-3-4	OPTO-PP2	UP
< Y1106S1_BBIM01B.Ibox1.Temp0-5	BBIM	Tmodule	C.P2-S.31-4-3	OPTO-PP2	UP
< Y1106S1_BBIM01B.Ibox1.Temp7-c	BBIM	Tmodule	C.P2-S.31-4-4	OPTO-PP2	UP
< Y1106S1_BBIM01B.Ibox2.Temp0-5	BBIM	Tmodule	C.P2-S.31-5-3	OPTO-PP2	UP
< Y1106S1_BBIM01B.Ibox2.Temp7-c	BBIM	Tmodule	C.P2-S.31-5-4	OPTO-PP2	UP
< Y1106S1_BBIM01B.Ibox3.Temp0-5	BBIM	Tmodule	C.P2-S.32-0-3	OPTO-PP2	UP
< Y1106S1_BBIM01B.Ibox3.Temp7-c	BBIM	Tmodule	C.P2-S.32-0-4	OPTO-PP2	UP
< Y1106S1_BBIM01C.Ibox0.Temp0-5	BBIM	Tmodule	C.P2-S.32-1-3	OPTO-PP2	UP
< Y1106S1_BBIM01C.Ibox0.Temp7-c	BBIM	Tmodule	C.P2-S.32-1-4	OPTO-PP2	UP
< Y1106S1_BBIM01C.Ibox1.Temp0-5	BBIM	Tmodule	C.P2-S.32-2-3	OPTO-PP2	UP
< Y1106S1_BBIM01C.Ibox1.Temp7-C	BBIM	Tmodule	C.P2-S.32-2-4	OPTO-PP2	UP
< Y1106S1_BBIM02C.Ibox2.Temp0-5	BBIM	Tmodule	C.P2-S.32-3-3	OPTO-PP2	UP
< Y1106S1_BBIM01C.Ibox2.Temp7-c	BBIM	Tmodule	C.P2-S.32-3-4	OPTO-PP2	UP
< Y1106S1_BBIM01C.Ibox3.Temp0-5	BBIM	Tmodule	C.P2-S.32-4-3	OPTO-PP2	UP
< Y1106S1_BBIM01C.Ibox3.Temp7-c	BBIM	Tmodule	C.P2-S.32-4-4	OPTO-PP2	UP
< Y1106S1_BBIM01D.Ibox0.Temp0-5	BBIM	Tmodule	C.P2-S.32-5-3	OPTO-PP2	UP
< Y1106S1_BBIM01D.Ibox0.Temp7-c	BBIM	Tmodule	C.P2-S.32-5-4	OPTO-PP2	UP
---
> Y1106S1_BBIM02C.Ibox2.Temp0-5	BBIM	TModule	C.P2-S.32-2-3	OPTO-PP2	UP
> Y1106S1_BBIM01A.Ibox1.Temp0-5	BBIM	TModule	C.P2-S.31-1-3	OPTO-PP2	UP
> Y1106S1_BBIM01B.Ibox2.Temp0-5	BBIM	TModule	C.P2-S.31-5-3	OPTO-PP2	UP
> Y1106S1_BBIM01B.Ibox1.Temp7-c	BBIM	TModule	C.P2-S.31-4-4	OPTO-PP2	UP
> Y1106S1_BBIM01A.Ibox3.Temp7-c	BBIM	TModule	C.P2-S.31-2-4	OPTO-PP2	UP
> Y1106S1_BBIM01C.Ibox2.Temp7-c	BBIM	TModule	C.P2-S.32-2-4	OPTO-PP2	UP
> Y1106S1_BBIM01D.Ibox0.Temp7-c	BBIM	TModule	C.P2-S.32-0-4	OPTO-PP2	UP
> Y1106S1_BBIM01D.Ibox0.Temp0-5	BBIM	TModule	C.P2-S.32-0-3	OPTO-PP2	UP
> Y1106S1_BBIM01C.Ibox0.Temp0-5	BBIM	TModule	C.P2-S.32-4-3	OPTO-PP2	UP
> Y1106S1_BBIM01A.Ibox0.Temp0-5	BBIM	TModule	C.P2-S.31-0-3	OPTO-PP2	UP
> Y1106S1_BBIM01B.Ibox0.Temp0-5	BBIM	TModule	C.P2-S.31-3-3	OPTO-PP2	UP
> Y1106S1_BBIM01B.Ibox2.Temp7-c	BBIM	TModule	C.P2-S.31-5-4	OPTO-PP2	UP
> Y1106S1_BBIM01B.Ibox0.Temp7-c	BBIM	TModule	C.P2-S.31-3-4	OPTO-PP2	UP
> Y1106S1_BBIM01A.Ibox0.Temp7-c	BBIM	TModule	C.P2-S.31-0-4	OPTO-PP2	UP
> Y1106S1_BBIM01C.Ibox1.Temp7-c	BBIM	TModule	C.P2-S.32-3-4	OPTO-PP2	UP
> Y1106S1_BBIM01C.Ibox1.Temp0-5	BBIM	TModule	C.P2-S.32-3-3	OPTO-PP2	UP
> Y1106S1_BBIM01B.Ibox3.Temp0-5	BBIM	TModule	C.P2-S.32-5-3	OPTO-PP2	UP
> Y1106S1_BBIM01A.Ibox3.Temp0-5	BBIM	TModule	C.P2-S.31-2-3	OPTO-PP2	UP
> Y1106S1_BBIM01B.Ibox1.Temp0-5	BBIM	TModule	C.P2-S.31-4-3	OPTO-PP2	UP
> Y1106S1_BBIM01A.Ibox1.Temp7-c	BBIM	TModule	C.P2-S.31-1-4	OPTO-PP2	UP
> Y1106S1_BBIM01C.Ibox3.Temp7-c	BBIM	TModule	C.P2-S.32-1-4	OPTO-PP2	UP
> Y1106S1_BBIM01B.Ibox3.Temp7-c	BBIM	TModule	C.P2-S.32-5-4	OPTO-PP2	UP
> Y1106S1_BBIM01C.Ibox0.Temp7-c	BBIM	TModule	C.P2-S.32-4-4	OPTO-PP2	UP
> Y1106S1_BBIM01C.Ibox3.Temp0-5	BBIM	TModule	C.P2-S.32-1-3	OPTO-PP2	UP
880,903c880,903
< Y1106S1_BBIM02A.Ibox0.Temp0	BBIM	Topto	4Y.10-06=SR1.U38_AT_0	OPTO-PP3	UP
< Y1106S1_BBIM02A.Ibox0.Temp2	BBIM	Topto	4Y.10-06=SR1.U38_AT_1	OPTO-PP3	UP
< Y1106S1_BBIM02A.Ibox0.Temp4	BBIM	Topto	4Y.10-06=SR1.U38_AT_2	OPTO-PP3	UP
< Y1106S1_BBIM02A.Ibox0.Temp1	BBIM	Topto	4Y.10-06=SR1.U38_AT_3	OPTO-PP3	UP
< Y1106S1_BBIM02A.Ibox0.Temp3	BBIM	Topto	4Y.10-06=SR1.U38_AT_4	OPTO-PP3	UP
< Y1106S1_BBIM02A.Ibox0.Temp5	BBIM	Topto	4Y.10-06=SR1.U38_AT_5	OPTO-PP3	UP
< Y1106S1_BBIM01A.Ibox2.Temp7	BBIM	Topto	4Y.10-06=SR1.U38_BT_0	OPTO-PP3	UP
< Y1106S1_BBIM01A.Ibox2.Temp9	BBIM	Topto	4Y.10-06=SR1.U38_BT_1	OPTO-PP3	UP
< Y1106S1_BBIM01A.Ibox2.Tempb	BBIM	Topto	4Y.10-06=SR1.U38_BT_2	OPTO-PP3	UP
< Y1106S1_BBIM01A.Ibox2.Temp8	BBIM	Topto	4Y.10-06=SR1.U38_BT_3	OPTO-PP3	UP
< Y1106S1_BBIM01A.Ibox2.Tempa	BBIM	Topto	4Y.10-06=SR1.U38_BT_4	OPTO-PP3	UP
< Y1106S1_BBIM01A.Ibox2.Tempc	BBIM	Topto	4Y.10-06=SR1.U38_BT_5	OPTO-PP3	UP
< Y1106S1_BBIM02A.Ibox0.Temp7	BBIM	Topto	4Y.10-06=SR1.U38_CT_0	OPTO-PP3	UP
< Y1106S1_BBIM02A.Ibox0.Temp9	BBIM	Topto	4Y.10-06=SR1.U38_CT_1	OPTO-PP3	UP
< Y1106S1_BBIM02A.Ibox0.Tempb	BBIM	Topto	4Y.10-06=SR1.U38_CT_2	OPTO-PP3	UP
< Y1106S1_BBIM02A.Ibox0.Temp8	BBIM	Topto	4Y.10-06=SR1.U38_CT_3	OPTO-PP3	UP
< Y1106S1_BBIM02A.Ibox0.Tempa	BBIM	Topto	4Y.10-06=SR1.U38_CT_4	OPTO-PP3	UP
< Y1106S1_BBIM02A.Ibox0.Tempc	BBIM	Topto	4Y.10-06=SR1.U38_CT_5	OPTO-PP3	UP
< Y1106S1_BBIM01A.Ibox2.Temp0	BBIM	Topto	4Y.10-06=SR1.U38_DT_0	OPTO-PP3	UP
< Y1106S1_BBIM01A.Ibox2.Temp2	BBIM	Topto	4Y.10-06=SR1.U38_DT_1	OPTO-PP3	UP
< Y1106S1_BBIM01A.Ibox2.Temp4	BBIM	Topto	4Y.10-06=SR1.U38_DT_2	OPTO-PP3	UP
< Y1106S1_BBIM01A.Ibox2.Temp1	BBIM	Topto	4Y.10-06=SR1.U38_DT_3	OPTO-PP3	UP
< Y1106S1_BBIM01A.Ibox2.Temp3	BBIM	Topto	4Y.10-06=SR1.U38_DT_4	OPTO-PP3	UP
< Y1106S1_BBIM01A.Ibox2.Temp5	BBIM	Topto	4Y.10-06=SR1.U38_DT_5	OPTO-PP3	UP
---
> Y1106S1_BBIM01A.Ibox2.Temp0	BBIM	TOpto	4Y.10-06=SR1.U38_CT_2	OPTO-PP3	UP
> Y1106S1_BBIM01A.Ibox2.Temp1	BBIM	TOpto	4Y.10-06=SR1.U38_CT_5	OPTO-PP3	UP
> Y1106S1_BBIM01A.Ibox2.Temp2	BBIM	TOpto	4Y.10-06=SR1.U38_CT_1	OPTO-PP3	UP
> Y1106S1_BBIM01A.Ibox2.Temp3	BBIM	TOpto	4Y.10-06=SR1.U38_CT_4	OPTO-PP3	UP
> Y1106S1_BBIM01A.Ibox2.Temp4	BBIM	TOpto	4Y.10-06=SR1.U38_CT_0	OPTO-PP3	UP
> Y1106S1_BBIM01A.Ibox2.Temp5	BBIM	TOpto	4Y.10-06=SR1.U38_CT_3	OPTO-PP3	UP
> Y1106S1_BBIM01A.Ibox2.Temp7	BBIM	TOpto	4Y.10-06=SR1.U38_BT_0	OPTO-PP3	UP
> Y1106S1_BBIM01A.Ibox2.Temp8	BBIM	TOpto	4Y.10-06=SR1.U38_BT_3	OPTO-PP3	UP
> Y1106S1_BBIM01A.Ibox2.Temp9	BBIM	TOpto	4Y.10-06=SR1.U38_BT_1	OPTO-PP3	UP
> Y1106S1_BBIM01A.Ibox2.TempA	BBIM	TOpto	4Y.10-06=SR1.U38_BT_4	OPTO-PP3	UP
> Y1106S1_BBIM01A.Ibox2.TempB	BBIM	TOpto	4Y.10-06=SR1.U38_BT_2	OPTO-PP3	UP
> Y1106S1_BBIM01A.Ibox2.TempC	BBIM	TOpto	4Y.10-06=SR1.U38_BT_5	OPTO-PP3	UP
> Y1106S1_BBIM02A.Ibox0.Temp0	BBIM	TOpto	4Y.10-06=SR1.U38_AT_0	OPTO-PP3	UP
> Y1106S1_BBIM02A.Ibox0.Temp1	BBIM	TOpto	4Y.10-06=SR1.U38_AT_3	OPTO-PP3	UP
> Y1106S1_BBIM02A.Ibox0.Temp2	BBIM	TOpto	4Y.10-06=SR1.U38_AT_1	OPTO-PP3	UP
> Y1106S1_BBIM02A.Ibox0.Temp3	BBIM	TOpto	4Y.10-06=SR1.U38_AT_4	OPTO-PP3	UP
> Y1106S1_BBIM02A.Ibox0.Temp4	BBIM	TOpto	4Y.10-06=SR1.U38_AT_2	OPTO-PP3	UP
> Y1106S1_BBIM02A.Ibox0.Temp5	BBIM	TOpto	4Y.10-06=SR1.U38_AT_5	OPTO-PP3	UP
> Y1106S1_BBIM02A.Ibox0.Temp7	BBIM	TOpto	4Y.10-06=SR1.U38_DT_2	OPTO-PP3	UP
> Y1106S1_BBIM02A.Ibox0.Temp8	BBIM	TOpto	4Y.10-06=SR1.U38_DT_5	OPTO-PP3	UP
> Y1106S1_BBIM02A.Ibox0.Temp9	BBIM	TOpto	4Y.10-06=SR1.U38_DT_1	OPTO-PP3	UP
> Y1106S1_BBIM02A.Ibox0.TempA	BBIM	TOpto	4Y.10-06=SR1.U38_DT_4	OPTO-PP3	UP
> Y1106S1_BBIM02A.Ibox0.TempB	BBIM	TOpto	4Y.10-06=SR1.U38_DT_0	OPTO-PP3	UP
> Y1106S1_BBIM02A.Ibox0.TempC	BBIM	TOpto	4Y.10-06=SR1.U38_DT_3	OPTO-PP3	UP
